
========================================================================

** ELF Header Information

    File Name: ./Objects/code.axf

    Machine class: ELFCLASS32 (32-bit)
    Data encoding: ELFDATA2LSB (Little endian)
    Header version: EV_CURRENT (Current version)
    Operating System ABI: none
    ABI Version: 0
    File Type: ET_EXEC (Executable) (2)
    Machine: EM_ARM (ARM)

    Image Entry point: 0x00000009
    Flags: EF_ARM_HASENTRY (0x00000002)

    ARM ELF revision: 0 (SDT / legacy GNU / unspecified)

    Built with
    Component: Arm Compiler for Embedded 6.18 Tool: armasm [5e4cbe00]
    Component: Arm Compiler for Embedded 6.18 Tool: armlink [5e4cc100]

    Header size: 52 bytes (0x34)
    Program header entry size: 32 bytes (0x20)
    Section header entry size: 40 bytes (0x28)

    Program header entries: 1
    Section header entries: 11

    Program header offset: 1572 (0x00000624)
    Section header offset: 1604 (0x00000644)

    Section header string table index: 10

========================================================================

** Program header #0

    Type          : PT_LOAD (1)
    File Offset   : 52 (0x34)
    Virtual Addr  : 0x00000000
    Physical Addr : 0x00000000
    Size in file  : 56 bytes (0x38)
    Size in memory: 56 bytes (0x38)
    Flags         : PF_X + PF_R + PF_ARM_ENTRY (0x80000005)
    Alignment     : 4


========================================================================

** Section #1

    Name        : ER_RO
    Type        : SHT_PROGBITS (0x00000001)
    Flags       : SHF_ALLOC + SHF_EXECINSTR (0x00000006)
    Addr        : 0x00000000
    File Offset : 52 (0x34)
    Size        : 56 bytes (0x38)
    Link        : SHN_UNDEF
    Info        : 0
    Alignment   : 4
    Entry Size  : 0

    $d.realdata
    RESET
    __Vectors
        0x00000000:    20002000    . .     DCD    536879104
        0x00000004:    00000009    ....    DCD    9
    $t
    .text
    Reset_Handler
        0x00000008:    2000        .       MOVS     r0,#0
        0x0000000a:    2101        .!      MOVS     r1,#1
        0x0000000c:    2202        ."      MOVS     r2,#2
        0x0000000e:    2303        .#      MOVS     r3,#3
        0x00000010:    2404        .$      MOVS     r4,#4
        0x00000012:    2510        .%      MOVS     r5,#0x10
        0x00000014:    2609        .&      MOVS     r6,#9
        0x00000016:    2719        .'      MOVS     r7,#0x19
        0x00000018:    f000f800    ....    BL       0x1c ; Reset_Handler + 20
        0x0000001c:    b083        ..      SUB      sp,sp,#0xc
        0x0000001e:    9502        ..      STR      r5,[sp,#8]
        0x00000020:    9601        ..      STR      r6,[sp,#4]
        0x00000022:    9700        ..      STR      r7,[sp,#0]
        0x00000024:    1846        F.      ADDS     r6,r0,r1
        0x00000026:    18d5        ..      ADDS     r5,r2,r3
        0x00000028:    1b77        w.      SUBS     r7,r6,r5
        0x0000002a:    1c3c        <.      ADDS     r4,r7,#0
        0x0000002c:    9d02        ..      LDR      r5,[sp,#8]
        0x0000002e:    9e01        ..      LDR      r6,[sp,#4]
        0x00000030:    9f00        ..      LDR      r7,[sp,#0]
        0x00000032:    b003        ..      ADD      sp,sp,#0xc
        0x00000034:    46f7        .F      MOV      pc,lr
    $d
        0x00000036:    0000        ..      DCW    0

====================================

** Section #2

    Name        : .debug_abbrev
    Type        : SHT_PROGBITS (0x00000001)
    Flags       : None (0x00000000)
    Addr        : 0x00000000
    File Offset : 108 (0x6c)
    Size        : 32 bytes (0x20)
    Link        : SHN_UNDEF
    Info        : 0
    Alignment   : 1
    Entry Size  : 0


====================================

** Section #3

    Name        : .debug_frame
    Type        : SHT_PROGBITS (0x00000001)
    Flags       : None (0x00000000)
    Addr        : 0x00000000
    File Offset : 140 (0x8c)
    Size        : 68 bytes (0x44)
    Link        : SHN_UNDEF
    Info        : 0
    Alignment   : 1
    Entry Size  : 0


====================================

** Section #4

    Name        : .debug_info
    Type        : SHT_PROGBITS (0x00000001)
    Flags       : None (0x00000000)
    Addr        : 0x00000000
    File Offset : 208 (0xd0)
    Size        : 140 bytes (0x8c)
    Link        : SHN_UNDEF
    Info        : 0
    Alignment   : 1
    Entry Size  : 0


====================================

** Section #5

    Name        : .debug_line
    Type        : SHT_PROGBITS (0x00000001)
    Flags       : None (0x00000000)
    Addr        : 0x00000000
    File Offset : 348 (0x15c)
    Size        : 76 bytes (0x4c)
    Link        : SHN_UNDEF
    Info        : 0
    Alignment   : 1
    Entry Size  : 0


====================================

** Section #6

    Name        : .symtab
    Type        : SHT_SYMTAB (0x00000002)
    Flags       : None (0x00000000)
    Addr        : 0x00000000
    File Offset : 424 (0x1a8)
    Size        : 160 bytes (0xa0)
    Link        : Section 7 (.strtab)
    Info        : Last local symbol no = 6
    Alignment   : 4
    Entry Size  : 16


====================================

** Section #7

    Name        : .strtab
    Type        : SHT_STRTAB (0x00000003)
    Flags       : None (0x00000000)
    Addr        : 0x00000000
    File Offset : 584 (0x248)
    Size        : 184 bytes (0xb8)
    Link        : SHN_UNDEF
    Info        : 0
    Alignment   : 1
    Entry Size  : 0


====================================

** Section #8

    Name        : .note
    Type        : SHT_NOTE (0x00000007)
    Flags       : None (0x00000000)
    Addr        : 0x00000000
    File Offset : 768 (0x300)
    Size        : 20 bytes (0x14)
    Link        : SHN_UNDEF
    Info        : 0
    Alignment   : 4
    Entry Size  : 0

        Section     Segment
    ====================================

              1           0

====================================

** Section #9

    Name        : .comment
    Type        : SHT_PROGBITS (0x00000001)
    Flags       : None (0x00000000)
    Addr        : 0x00000000
    File Offset : 788 (0x314)
    Size        : 672 bytes (0x2a0)
    Link        : SHN_UNDEF
    Info        : 0
    Alignment   : 1
    Entry Size  : 0

    Component: Arm Compiler for Embedded 6.18 Tool: armlink [5e4cc100]
    ArmLink --strict --callgraph --load_addr_map_info --map --symbols --xref --diag_suppress=9931 --ro_base=0x0 --cpu=Cortex-M0 --first=__Vectors --list=.\Listings\code.map --output=.\Objects\code.axf --entry=Reset_Handler --info=summarysizes,sizes,totals,unused,veneers

    Input Comments:
    
    code.o
    
    Component: Arm Compiler for Embedded 6.18 Tool: armasm [5e4cbe00]
    armasm --debug --diag_suppress=9931 --cpu=Cortex-M0 --fpu=None --apcs=/softfp  -IC:/Users/ASUS/AppData/Local/Arm/Packs/ARM/CMSIS/5.9.0/Device/ARM/ARMCM0/Include --predefine="__EVAL SETA 1" --predefine="__UVISION_VERSION SETA 537" --predefine="A
    

====================================

** Section #10

    Name        : .shstrtab
    Type        : SHT_STRTAB (0x00000003)
    Flags       : None (0x00000000)
    Addr        : 0x00000000
    File Offset : 1460 (0x5b4)
    Size        : 112 bytes (0x70)
    Link        : SHN_UNDEF
    Info        : 0
    Alignment   : 1
    Entry Size  : 0


====================================

